\BOOKMARK [1][-]{section.1}{Introduction}{}% 1
\BOOKMARK [1][-]{section.2}{Preliminaries }{}% 2
\BOOKMARK [1][-]{section.3}{Related Works}{}% 3
\BOOKMARK [2][-]{subsection.3.1}{Recommender System based Approaches}{section.3}% 4
\BOOKMARK [2][-]{subsection.3.2}{Machine Learning based Approaches}{section.3}% 5
\BOOKMARK [2][-]{subsection.3.3}{Reinforcement Learning based Approaches}{section.3}% 6
\BOOKMARK [1][-]{section.4}{Problem formulation}{}% 7
\BOOKMARK [2][-]{subsection.4.1}{On the global problem complexity}{section.4}% 8
\BOOKMARK [3][-]{subsubsection.4.1.1}{Complexity when there exist a total order between abstract services}{subsection.4.1}% 9
\BOOKMARK [3][-]{subsubsection.4.1.2}{Complexity when all abstract services are realized in parallel}{subsection.4.1}% 10
\BOOKMARK [3][-]{subsubsection.4.1.3}{Only two abstract services are realized in parallel}{subsection.4.1}% 11
\BOOKMARK [3][-]{subsubsection.4.1.4}{The complexity in the case of k equivalent classes}{subsection.4.1}% 12
\BOOKMARK [1][-]{section.5}{MDP Problem Formulation}{}% 13
\BOOKMARK [2][-]{subsection.5.1}{Vector-valued Markov Decision Process}{section.5}% 14
\BOOKMARK [2][-]{subsection.5.2}{MDP for Service Compositions}{section.5}% 15
\BOOKMARK [1][-]{section.6}{Interactive Reinforcement Learning Algorithms for the Service Compositions}{}% 16
\BOOKMARK [1][-]{section.7}{Performance Evaluation}{}% 17
\BOOKMARK [2][-]{subsection.7.1}{Model DataSet as a VMDP}{section.7}% 18
\BOOKMARK [2][-]{subsection.7.2}{Classified Dataset}{section.7}% 19
\BOOKMARK [2][-]{subsection.7.3}{Filtered Dataset}{section.7}% 20
\BOOKMARK [1][-]{section.8}{Conclusion and Future Works}{}% 21
\BOOKMARK [1][-]{section*.2}{References}{}% 22
